<?xml version="1.0" encoding="UTF-8"?>
<!-- Generated by org.testng.reporters.JUnitXMLReporter -->
<testsuite hostname="CGL2008" ignored="0" name="chromeTest" tests="3" failures="0" timestamp="02 Sep 2018 11:04:20 GMT" time="35.707" errors="0">
  <testcase name="laonchTwittet" time="3.594" classname="testScript.TestLancApp"/>
  <testcase name="laocnFacebook" time="5.89" classname="testScript.TestLancApp"/>
  <testcase name="launchInstagm" time="6.06" classname="testScript.TestLancApp"/>
</testsuite> <!-- chromeTest -->
