<?xml version="1.0" encoding="UTF-8"?>
<!-- Generated by org.testng.reporters.JUnitXMLReporter -->
<testsuite hostname="CGL2008" ignored="0" name="firefoxTest" tests="3" failures="0" timestamp="02 Sep 2018 11:03:44 GMT" time="59.567" errors="0">
  <testcase name="laonchTwittet" time="5.982" classname="testScript.TestLancApp"/>
  <testcase name="laocnFacebook" time="5.543" classname="testScript.TestLancApp"/>
  <testcase name="launchInstagm" time="5.924" classname="testScript.TestLancApp"/>
</testsuite> <!-- firefoxTest -->
